Flow report for fogolivre
Fri Dec 13 13:21:16 2019
Quartus II 64-Bit Version 12.1 Build 243 01/31/2013 Service Pack 1 SJ Web Edition


---------------------
; Table of Contents ;
---------------------
  1. Legal Notice
  2. Flow Summary
  3. Flow Settings
  4. Flow Non-Default Global Settings
  5. Flow Elapsed Time
  6. Flow OS Summary
  7. Flow Log



----------------
; Legal Notice ;
----------------
Copyright (C) 1991-2012 Altera Corporation
Your use of Altera Corporation's design tools, logic functions 
and other software and tools, and its AMPP partner logic 
functions, and any output files from any of the foregoing 
(including device programming or simulation files), and any 
associated documentation or information are expressly subject 
to the terms and conditions of the Altera Program License 
Subscription Agreement, Altera MegaCore Function License 
Agreement, or other applicable license agreement, including, 
without limitation, that your use is for the sole purpose of 
programming logic devices manufactured by Altera and sold by 
Altera or its authorized distributors.  Please refer to the 
applicable agreement for further details.



+------------------------------------------------------------------------------------+
; Flow Summary                                                                       ;
+------------------------------------+-----------------------------------------------+
; Flow Status                        ; Successful - Fri Dec 13 13:21:05 2019         ;
; Quartus II 64-Bit Version          ; 12.1 Build 243 01/31/2013 SP 1 SJ Web Edition ;
; Revision Name                      ; fogolivre                                     ;
; Top-level Entity Name              ; fogolivre                                     ;
; Family                             ; Cyclone IV GX                                 ;
; Total logic elements               ; 12 / 14,400 ( < 1 % )                         ;
;     Total combinational functions  ; 12 / 14,400 ( < 1 % )                         ;
;     Dedicated logic registers      ; 5 / 14,400 ( < 1 % )                          ;
; Total registers                    ; 5                                             ;
; Total pins                         ; 27 / 81 ( 33 % )                              ;
; Total virtual pins                 ; 0                                             ;
; Total memory bits                  ; 0 / 552,960 ( 0 % )                           ;
; Embedded Multiplier 9-bit elements ; 0                                             ;
; Total GXB Receiver Channel PCS     ; 0 / 2 ( 0 % )                                 ;
; Total GXB Receiver Channel PMA     ; 0 / 2 ( 0 % )                                 ;
; Total GXB Transmitter Channel PCS  ; 0 / 2 ( 0 % )                                 ;
; Total GXB Transmitter Channel PMA  ; 0 / 2 ( 0 % )                                 ;
; Total PLLs                         ; 0 / 3 ( 0 % )                                 ;
; Device                             ; EP4CGX15BF14C6                                ;
; Timing Models                      ; Final                                         ;
+------------------------------------+-----------------------------------------------+


+-----------------------------------------+
; Flow Settings                           ;
+-------------------+---------------------+
; Option            ; Setting             ;
+-------------------+---------------------+
; Start date & time ; 12/13/2019 13:20:34 ;
; Main task         ; Compilation         ;
; Revision Name     ; fogolivre           ;
+-------------------+---------------------+


+----------------------------------------------------------------------------------------------------------------+
; Flow Non-Default Global Settings                                                                               ;
+-------------------------------------+-------------------------------+---------------+-------------+------------+
; Assignment Name                     ; Value                         ; Default Value ; Entity Name ; Section Id ;
+-------------------------------------+-------------------------------+---------------+-------------+------------+
; COMPILER_SIGNATURE_ID               ; 1095995479064.157625403406296 ; --            ; --          ; --         ;
; PARTITION_COLOR                     ; 16764057                      ; --            ; --          ; Top        ;
; PARTITION_FITTER_PRESERVATION_LEVEL ; PLACEMENT_AND_ROUTING         ; --            ; --          ; Top        ;
; PARTITION_NETLIST_TYPE              ; SOURCE                        ; --            ; --          ; Top        ;
+-------------------------------------+-------------------------------+---------------+-------------+------------+


+-------------------------------------------------------------------------------------------------------------------------------+
; Flow Elapsed Time                                                                                                             ;
+---------------------------+--------------+-------------------------+---------------------+------------------------------------+
; Module Name               ; Elapsed Time ; Average Processors Used ; Peak Virtual Memory ; Total CPU Time (on all processors) ;
+---------------------------+--------------+-------------------------+---------------------+------------------------------------+
; Analysis & Synthesis      ; 00:00:06     ; 1.0                     ; 522 MB              ; 00:00:02                           ;
; Fitter                    ; 00:00:14     ; 1.0                     ; 685 MB              ; 00:00:07                           ;
; Assembler                 ; 00:00:04     ; 1.0                     ; 452 MB              ; 00:00:01                           ;
; TimeQuest Timing Analyzer ; 00:00:09     ; 1.0                     ; 451 MB              ; 00:00:03                           ;
; Total                     ; 00:00:33     ; --                      ; --                  ; 00:00:13                           ;
+---------------------------+--------------+-------------------------+---------------------+------------------------------------+


+----------------------------------------------------------------------------------------+
; Flow OS Summary                                                                        ;
+---------------------------+------------------+-----------+------------+----------------+
; Module Name               ; Machine Hostname ; OS Name   ; OS Version ; Processor type ;
+---------------------------+------------------+-----------+------------+----------------+
; Analysis & Synthesis      ; colab55-5        ; Windows 7 ; 6.1        ; x86_64         ;
; Fitter                    ; colab55-5        ; Windows 7 ; 6.1        ; x86_64         ;
; Assembler                 ; colab55-5        ; Windows 7 ; 6.1        ; x86_64         ;
; TimeQuest Timing Analyzer ; colab55-5        ; Windows 7 ; 6.1        ; x86_64         ;
+---------------------------+------------------+-----------+------------+----------------+


------------
; Flow Log ;
------------
quartus_map --read_settings_files=on --write_settings_files=off fogolivre -c fogolivre
quartus_fit --read_settings_files=off --write_settings_files=off fogolivre -c fogolivre
quartus_asm --read_settings_files=off --write_settings_files=off fogolivre -c fogolivre
quartus_sta fogolivre -c fogolivre



